<?xml version="1.0" encoding="UTF-8"?>
<!-- Generated by org.testng.reporters.JUnitXMLReporter -->
<testsuite ignored="0" hostname="DESKTOP-6OC4MF1" failures="0" tests="9" name="Chrome_Test" time="124.007" errors="0" timestamp="2023-09-02T01:07:02 WAT">
  <testcase classname="com.mymedsysproject.testcases.DashboardPageTest" name="clickOndashboardBellicon" time="6.167"/>
  <testcase classname="com.mymedsysproject.testcases.DashboardPageTest" name="headerpatientbtn" time="6.297"/>
  <testcase classname="com.mymedsysproject.testcases.DashboardPageTest" name="managePatient" time="4.996"/>
  <testcase classname="com.mymedsysproject.testcases.DashboardPageTest" name="newpatientbtn" time="6.083"/>
  <testcase classname="com.mymedsysproject.testcases.DashboardPageTest" name="patientsearch" time="6.31"/>
  <testcase classname="com.mymedsysproject.testcases.DashboardPageTest" name="profileAccount" time="4.026"/>
  <testcase classname="com.mymedsysproject.testcases.DashboardPageTest" name="selectPatientDropdown" time="5.844"/>
  <testcase classname="com.mymedsysproject.testcases.DashboardPageTest" name="userAccountSignOutBtn" time="3.888"/>
  <testcase classname="com.mymedsysproject.testcases.DashboardPageTest" name="verifyDashboardLogo" time="4.158"/>
</testsuite> <!-- Chrome_Test -->
