<?xml version="1.0" encoding="UTF-8"?>
<!-- Generated by org.testng.reporters.JUnitXMLReporter -->
<testsuite ignored="2" hostname="DESKTOP-6OC4MF1" failures="1" tests="12" name="Test_All" time="240.748" errors="0" timestamp="2023-09-11T00:49:53 WAT">
  <testcase classname="com.mymedsysproject.testcases.LoginPageTest" name="LoginTest" time="6.126">
    <failure type="java.lang.AssertionError" message="expected [https://dev-ehrpm.automedsys.net/dashboard] but found [https://dev-ehrpm.automedsys.net/]">
      <![CDATA[java.lang.AssertionError: expected [https://dev-ehrpm.automedsys.net/dashboard] but found [https://dev-ehrpm.automedsys.net/]
at com.mymedsysproject.testcases.LoginPageTest.LoginTest(LoginPageTest.java:64)
at java.base/java.util.ArrayList.forEach(ArrayList.java:1511)
... Removed 33 stack frames]]>
    </failure>
  </testcase> <!-- LoginTest -->
  <testcase classname="com.mymedsysproject.testcases.LoginPageTest" name="LoginTest" time="6.152"/>
  <testcase classname="com.mymedsysproject.testcases.LoginPageTest" name="VerifyLogotest" time="0.079"/>
  <testcase classname="com.mymedsysproject.testcases.DashboardPageTest" name="clickOndashboardBellicon" time="6.42"/>
  <testcase classname="com.mymedsysproject.testcases.DashboardPageTest" name="headerpatientbtn" time="6.4"/>
  <testcase classname="com.mymedsysproject.testcases.DashboardPageTest" name="managePatient" time="5.497"/>
  <testcase classname="com.mymedsysproject.testcases.DashboardPageTest" name="newpatientbtn" time="6.367"/>
  <testcase classname="com.mymedsysproject.testcases.DashboardPageTest" name="patientsearch" time="6.701"/>
  <testcase classname="com.mymedsysproject.testcases.DashboardPageTest" name="profileAccount" time="5.945"/>
  <testcase classname="com.mymedsysproject.testcases.DashboardPageTest" name="selectPatientDropdown" time="6.25"/>
  <testcase classname="com.mymedsysproject.testcases.DashboardPageTest" name="userAccountSignOutBtn" time="5.698"/>
  <testcase classname="com.mymedsysproject.testcases.DashboardPageTest" name="verifyDashboardLogo" time="5.737"/>
  <testcase classname="com.mymedsysproject.base.BaseClass" name="@BeforeSuite loadConfig" time="0.0">
    <ignored/>
  </testcase> <!-- @BeforeSuite loadConfig -->
  <testcase classname="com.mymedsysproject.base.BaseClass" name="@AfterSuite afterSuite" time="0.0">
    <ignored/>
  </testcase> <!-- @AfterSuite afterSuite -->
</testsuite> <!-- Test_All -->
